<?xml version="1.0" encoding="UTF-8"?>
<!-- Generated by org.testng.reporters.JUnitReportReporter -->
<testsuite skipped="2" hostname="LAPTOP-L9U3TNVC" name="com.qa.facebook.tests.LoginPageTest" tests="10" failures="0" timestamp="16 Aug 2021 01:56:11 GMT" time="118.864" errors="0">
  <testcase name="retesting" time="14.594" classname="com.qa.facebook.tests.LoginPageTest"/>
  <testcase name="retesting" time="16.313" classname="com.qa.facebook.tests.LoginPageTest"/>
  <testcase name="retesting" time="14.732" classname="com.qa.facebook.tests.LoginPageTest"/>
  <testcase name="retesting" time="14.272" classname="com.qa.facebook.tests.LoginPageTest"/>
  <testcase name="retesting" time="14.632" classname="com.qa.facebook.tests.LoginPageTest"/>
  <testcase name="retesting" time="14.543" classname="com.qa.facebook.tests.LoginPageTest"/>
  <testcase name="retesting" time="15.291" classname="com.qa.facebook.tests.LoginPageTest"/>
  <testcase name="retesting" time="14.487" classname="com.qa.facebook.tests.LoginPageTest"/>
  <testcase name="loginTest" classname="com.qa.facebook.tests.LoginPageTest">
    <skipped/>
  </testcase> <!-- loginTest -->
  <testcase name="verifyLoginPageTitleTest" classname="com.qa.facebook.tests.LoginPageTest">
    <skipped/>
  </testcase> <!-- verifyLoginPageTitleTest -->
</testsuite> <!-- com.qa.facebook.tests.LoginPageTest -->
